2021-08-07 20:34:40: 
{'request.data': {'group_id': 594600349, 'auto_escape': False, 'message': '成功设置'}}

2021-08-07 20:34:52: 
{'request.data': {'group_id': 594600349, 'auto_escape': False, 'message': '{\n    "错误": "该空间当前状态不可预约"\n}'}}

2021-08-07 20:39:12: 
{'request.data': {'group_id': 594600349, 'auto_escape': False, 'message': '成功设置'}}

2021-08-07 20:39:13: 
{'request.data': {'group_id': 594600349, 'auto_escape': False, 'message': '成功设置'}}

2021-08-07 22:30:01: 
{'request.data': {'group_id': 594600349, 'auto_escape': False, 'message': '[CQ:at,qq=all] 要记得今天的打卡呀～'}}

2021-08-08 06:01:03: 
{'request.data': {'group_id': 594600349, 'auto_escape': False, 'message': '{\n    "状态": "预约成功",\n    "预约时间": "2021-08-08 06:01:03.950000",\n    "位置": "本部-二楼-二楼B区BF2B081",\n    "时间": "2021-08-09 07:30:00.000000 ==> 2021-08-09 22:00:00.000000"\n}'}}

2021-08-08 21:47:52: 
{'request.data': {'group_id': 594600349, 'auto_escape': False, 'message': '成功设置'}}

2021-08-08 22:30:01: 
{'request.data': {'group_id': 594600349, 'auto_escape': False, 'message': '[CQ:at,qq=all] 要记得今天的打卡呀～'}}

2021-08-08 22:50:07: 
{'request.data': {'group_id': 594600349, 'auto_escape': False, 'message': '{\n    "源语言": "en",\n    "目标语言": "zh",\n    "原语句": "your password has expired",\n    "翻译结果": "您的密码已过期"\n}'}}

2021-08-09 06:01:03: 
{'request.data': {'group_id': 594600349, 'auto_escape': False, 'message': '{\n    "状态": "预约成功",\n    "预约时间": "2021-08-09 06:01:04.180000",\n    "位置": "本部-二楼-二楼B区BF2B081",\n    "时间": "2021-08-10 07:30:00.000000 ==> 2021-08-10 22:00:00.000000"\n}'}}

2021-08-09 14:56:26: 
{'request.data': {'group_id': 594600349, 'auto_escape': False, 'message': '{\n    "源语言": "en",\n    "目标语言": "zh",\n    "原语句": "negotiate",\n    "翻译结果": "谈判"\n}'}}

2021-08-09 17:51:40: 
{'request.data': {'group_id': 594600349, 'auto_escape': False, 'message': '[\n    "{\'时间\': \'2021-08-09 17:00:00\', \'天气\': \'阴\', \'温度\': \'30\'}",\n    "{\'时间\': \'2021-08-09 18:00:00\', \'天气\': \'小雨\', \'温度\': \'30\'}",\n    "{\'时间\': \'2021-08-09 19:00:00\', \'天气\': \'小雨\', \'温度\': \'30\'}",\n    "{\'时间\': \'2021-08-09 20:00:00\', \'天气\': \'小雨\', \'温度\': \'30\'}",\n    "{\'时间\': \'2021-08-09 21:00:00\', \'天气\': \'中雨\', \'温度\': \'30\'}",\n    "{\'时间\': \'2021-08-09 22:00:00\', \'天气\': \'小雨\', \'温度\': \'30\'}"\n]'}}

2021-08-09 17:51:50: 
{'request.data': {'group_id': 594600349, 'auto_escape': False, 'message': '[CQ:at,qq=919368842] 天气预报: \n{\n    "成功": "1",\n    "城市": "湖南长沙",\n    "星期": "星期一",\n    "天气": "多云",\n    "温度": "28",\n    "未来预报": [\n        "{\'日期\': \'2021-08-10   星期二\', \'白天天气\': \'中雨\', \'白天温度\': \'33\', \'夜晚天气\': \'中雨\', \'夜晚温度\': \'25\'}",\n        "{\'日期\': \'2021-08-11   星期三\', \'白天天气\': \'小雨\', \'白天温度\': \'33\', \'夜晚天气\': \'中雨\', \'夜晚温度\': \'25\'}",\n        "{\'日期\': \'2021-08-12   星期四\', \'白天天气\': \'小雨\', \'白天温度\': \'31\', \'夜晚天气\': \'小雨\', \'夜晚温度\': \'25\'}",\n        "{\'日期\': \'2021-08-13   星期五\', \'白天天气\': \'中雨\', \'白天温度\': \'28\', \'夜晚天气\': \'大雨\', \'夜晚温度\': \'25\'}",\n        "{\'日期\': \'2021-08-14   星期六\', \'白天天气\': \'中雨\', \'白天温度\': \'27\', \'夜晚天气\': \'小雨\', \'夜晚温度\': \'24\'}",\n        "{\'日期\': \'2021-08-15   星期日\', \'白天天气\': \'中雨\', \'白天温度\': \'31\', \'夜晚天气\': \'小雨\', \'夜晚温度\': \'24\'}"\n    ],\n    "小时预报": [\n        "{\'时间\': \'2021-08-09 17:00:00\', \'天气\': \'阴\', \'温度\': \'30\'}",\n        "{\'时间\': \'2021-08-09 18:00:00\', \'天气\': \'小雨\', \'温度\': \'30\'}",\n        "{\'时间\': \'2021-08-09 19:00:00\', \'天气\': \'小雨\', \'温度\': \'30\'}",\n        "{\'时间\': \'2021-08-09 20:00:00\', \'天气\': \'小雨\', \'温度\': \'30\'}",\n        "{\'时间\': \'2021-08-09 21:00:00\', \'天气\': \'中雨\', \'温度\': \'30\'}",\n        "{\'时间\': \'2021-08-09 22:00:00\', \'天气\': \'小雨\', \'温度\': \'30\'}",\n        "{\'时间\': \'2021-08-09 23:00:00\', \'天气\': \'小雨\', \'温度\': \'30\'}",\n        "{\'时间\': \'2021-08-10 00:00:00\', \'天气\': \'中雨\', \'温度\': \'29\'}",\n        "{\'时间\': \'2021-08-10 01:00:00\', \'天气\': \'阴\', \'温度\': \'29\'}",\n        "{\'时间\': \'2021-08-10 02:00:00\', \'天气\': \'小雨\', \'温度\': \'29\'}",\n        "{\'时间\': \'2021-08-10 03:00:00\', \'天气\': \'中雨\', \'温度\': \'26\'}",\n        "{\'时间\': \'2021-08-10 04:00:00\', \'天气\': \'中雨\', \'温度\': \'26\'}",\n        "{\'时间\': \'2021-08-10 05:00:00\', \'天气\': \'中雨\', \'温度\': \'25\'}",\n        "{\'时间\': \'2021-08-10 06:00:00\', \'天气\': \'小雨\', \'温度\': \'27\'}",\n        "{\'时间\': \'2021-08-10 07:00:00\', \'天气\': \'小雨\', \'温度\': \'28\'}",\n        "{\'时间\': \'2021-08-10 08:00:00\', \'天气\': \'小雨\', \'温度\': \'29\'}",\n        "{\'时间\': \'2021-08-10 09:00:00\', \'天气\': \'小雨\', \'温度\': \'29\'}",\n        "{\'时间\': \'2021-08-10 10:00:00\', \'天气\': \'小雨\', \'温度\': \'30\'}",\n        "{\'时间\': \'2021-08-10 11:00:00\', \'天气\': \'小雨\', \'温度\': \'31\'}",\n        "{\'时间\': \'2021-08-10 12:00:00\', \'天气\': \'小雨\', \'温度\': \'31\'}",\n        "{\'时间\': \'2021-08-10 13:00:00\', \'天气\': \'小雨\', \'温度\': \'32\'}",\n        "{\'时间\': \'2021-08-10 14:00:00\', \'天气\': \'小雨\', \'温度\': \'33\'}",\n        "{\'时间\': \'2021-08-10 15:00:00\', \'天气\': \'小雨\', \'温度\': \'32\'}",\n        "{\'时间\': \'2021-08-10 16:00:00\', \'天气\': \'小雨\', \'温度\': \'31\'}",\n        "{\'时间\': \'2021-08-10 17:00:00\', \'天气\': \'小雨\', \'温度\': \'31\'}"\n    ]\n}'}}

2021-08-09 20:08:29: 
{'request.data': {'group_id': 594600349, 'auto_escape': False, 'message': '成功设置'}}

2021-08-09 22:30:01: 
{'request.data': {'group_id': 594600349, 'auto_escape': False, 'message': '[CQ:at,qq=all] 要记得今天的打卡呀～'}}

2021-08-10 06:01:04: 
{'request.data': {'group_id': 594600349, 'auto_escape': False, 'message': '{\n    "状态": "预约成功",\n    "预约时间": "2021-08-10 06:01:05.210000",\n    "位置": "本部-二楼-二楼B区BF2B081",\n    "时间": "2021-08-11 07:30:00.000000 ==> 2021-08-11 22:00:00.000000"\n}'}}

2021-08-10 09:48:55: 
{'request.data': {'group_id': 594600349, 'auto_escape': False, 'message': '{\n    "源语言": "zh",\n    "目标语言": "en",\n    "原语句": "蔗糖",\n    "翻译结果": "sucrose"\n}'}}

2021-08-10 09:49:06: 
{'request.data': {'group_id': 594600349, 'auto_escape': False, 'message': '{\n    "源语言": "zh",\n    "目标语言": "en",\n    "原语句": "砂糖",\n    "翻译结果": "Granulated sugar"\n}'}}

2021-08-10 22:30:01: 
{'request.data': {'group_id': 594600349, 'auto_escape': False, 'message': '[CQ:at,qq=all] 要记得今天的打卡呀～'}}

2021-08-10 22:34:10: 
{'request.data': {'group_id': 594600349, 'auto_escape': False, 'message': '成功设置'}}

2021-08-11 06:01:03: 
{'request.data': {'group_id': 594600349, 'auto_escape': False, 'message': '{\n    "状态": "预约成功",\n    "预约时间": "2021-08-11 06:01:04.467000",\n    "位置": "本部-二楼-二楼B区BF2B081",\n    "时间": "2021-08-12 07:30:00.000000 ==> 2021-08-12 22:00:00.000000"\n}'}}

2021-08-11 21:59:20: 
{'request.data': {'group_id': 594600349, 'auto_escape': False, 'message': '成功设置'}}

2021-08-11 22:30:01: 
{'request.data': {'group_id': 594600349, 'auto_escape': False, 'message': '[CQ:at,qq=all] 要记得今天的打卡呀～'}}

2021-08-12 06:01:04: 
{'request.data': {'group_id': 594600349, 'auto_escape': False, 'message': '{\n    "状态": "预约成功",\n    "预约时间": "2021-08-12 06:01:05.827000",\n    "位置": "本部-二楼-二楼B区BF2B081",\n    "时间": "2021-08-13 07:30:00.000000 ==> 2021-08-13 22:00:00.000000"\n}'}}

2021-08-12 22:30:01: 
{'request.data': {'group_id': 594600349, 'auto_escape': False, 'message': '[CQ:at,qq=all] 要记得今天的打卡呀～'}}

2021-08-12 22:39:02: 
{'request.data': {'group_id': 594600349, 'auto_escape': False, 'message': '成功设置'}}

2021-08-13 06:01:04: 
{'request.data': {'group_id': 594600349, 'auto_escape': False, 'message': '{\n    "状态": "预约成功",\n    "预约时间": "2021-08-13 06:01:06.110000",\n    "位置": "本部-二楼-二楼B区BF2B081",\n    "时间": "2021-08-14 07:30:00.000000 ==> 2021-08-14 22:00:00.000000"\n}'}}

2021-08-13 22:30:01: 
{'request.data': {'group_id': 594600349, 'auto_escape': False, 'message': '[CQ:at,qq=all] 要记得今天的打卡呀～'}}

2021-08-14 00:03:59: 
{'request.data': {'group_id': 594600349, 'auto_escape': False, 'message': '成功设置'}}

2021-08-14 06:01:06: 
{'request.data': {'group_id': 594600349, 'auto_escape': False, 'message': '{\n    "状态": "预约成功",\n    "预约时间": "2021-08-14 06:01:08.387000",\n    "位置": "本部-二楼-二楼B区BF2B081",\n    "时间": "2021-08-15 07:30:00.000000 ==> 2021-08-15 22:00:00.000000"\n}'}}

2021-08-14 21:58:37: 
{'request.data': {'group_id': 594600349, 'auto_escape': False, 'message': '成功设置'}}

2021-08-14 22:30:01: 
{'request.data': {'group_id': 594600349, 'auto_escape': False, 'message': '[CQ:at,qq=all] 要记得今天的打卡呀～'}}

2021-08-15 06:01:03: 
{'request.data': {'group_id': 594600349, 'auto_escape': False, 'message': '{\n    "状态": "预约成功",\n    "预约时间": "2021-08-15 06:01:05.690000",\n    "位置": "本部-二楼-二楼B区BF2B081",\n    "时间": "2021-08-16 07:30:00.000000 ==> 2021-08-16 22:00:00.000000"\n}'}}

2021-08-15 22:30:01: 
{'request.data': {'group_id': 594600349, 'auto_escape': False, 'message': '[CQ:at,qq=all] 要记得今天的打卡呀～'}}

2021-08-15 22:33:23: 
{'request.data': {'group_id': 594600349, 'auto_escape': False, 'message': '成功设置'}}

2021-08-16 06:01:05: 
{'request.data': {'group_id': 594600349, 'auto_escape': False, 'message': '{\n    "状态": "预约成功",\n    "预约时间": "2021-08-16 06:01:04.570000",\n    "位置": "本部-二楼-二楼B区BF2B081",\n    "时间": "2021-08-17 07:30:00.000000 ==> 2021-08-17 22:00:00.000000"\n}'}}

2021-08-16 22:30:01: 
{'request.data': {'group_id': 594600349, 'auto_escape': False, 'message': '[CQ:at,qq=all] 要记得今天的打卡呀～'}}

2021-08-17 00:07:48: 
{'request.data': {'group_id': 594600349, 'auto_escape': False, 'message': '成功设置'}}

2021-08-17 06:01:03: 
{'request.data': {'group_id': 594600349, 'auto_escape': False, 'message': '{\n    "状态": "预约成功",\n    "预约时间": "2021-08-17 06:01:02.943000",\n    "位置": "本部-二楼-二楼B区BF2B081",\n    "时间": "2021-08-18 07:30:00.000000 ==> 2021-08-18 22:00:00.000000"\n}'}}

2021-08-17 22:30:01: 
{'request.data': {'group_id': 594600349, 'auto_escape': False, 'message': '[CQ:at,qq=all] 要记得今天的打卡呀～'}}

2021-08-17 23:15:08: 
{'request.data': {'group_id': 594600349, 'auto_escape': False, 'message': '成功设置'}}

2021-08-18 06:01:03: 
{'request.data': {'group_id': 594600349, 'auto_escape': False, 'message': '{\n    "状态": "预约成功",\n    "预约时间": "2021-08-18 06:01:03.213000",\n    "位置": "本部-二楼-二楼B区BF2B081",\n    "时间": "2021-08-19 07:30:00.000000 ==> 2021-08-19 22:00:00.000000"\n}'}}

2021-08-18 10:18:54: 
{'request.data': {'group_id': 594600349, 'auto_escape': False, 'message': <Utils.WebExploitApi.Ip2Addr object at 0x7f2d3ebef700>}}

2021-08-18 22:30:01: 
{'request.data': {'group_id': 594600349, 'auto_escape': False, 'message': '[CQ:at,qq=all] 要记得今天的打卡呀～'}}

2021-08-18 23:26:06: 
{'request.data': {'group_id': 594600349, 'auto_escape': False, 'message': '成功设置'}}

2021-08-19 06:01:05: 
{'request.data': {'group_id': 594600349, 'auto_escape': False, 'message': '{\n    "状态": "预约成功",\n    "预约时间": "2021-08-19 06:01:05.410000",\n    "位置": "本部-二楼-二楼B区BF2B081",\n    "时间": "2021-08-20 07:30:00.000000 ==> 2021-08-20 22:00:00.000000"\n}'}}

2021-08-19 13:42:59: 
{'request.data': {'group_id': 594600349, 'auto_escape': False, 'message': '{\n    "源语言": "zh",\n    "目标语言": "en",\n    "原语句": "资产收集",\n    "翻译结果": "Asset collection"\n}'}}

2021-08-19 22:30:01: 
{'request.data': {'group_id': 594600349, 'auto_escape': False, 'message': '[CQ:at,qq=all] 要记得今天的打卡呀～'}}

2021-08-20 07:24:27: 
{'request.data': {'group_id': 594600349, 'auto_escape': False, 'message': '成功设置'}}

2021-08-20 22:30:01: 
{'request.data': {'group_id': 594600349, 'auto_escape': False, 'message': '[CQ:at,qq=all] 要记得今天的打卡呀～'}}

2021-08-21 06:01:07: 
{'request.data': {'group_id': 594600349, 'auto_escape': False, 'message': '{\n    "状态": "预约成功",\n    "预约时间": "2021-08-21 06:01:07.297000",\n    "位置": "本部-二楼-二楼B区BF2B081",\n    "时间": "2021-08-22 07:30:00.000000 ==> 2021-08-22 22:00:00.000000"\n}'}}

2021-08-21 22:30:01: 
{'request.data': {'group_id': 594600349, 'auto_escape': False, 'message': '[CQ:at,qq=all] 要记得今天的打卡呀～'}}

2021-08-21 22:30:44: 
{'request.data': {'group_id': 594600349, 'auto_escape': False, 'message': '成功设置'}}

2021-08-22 06:01:04: 
{'request.data': {'group_id': 594600349, 'auto_escape': False, 'message': '{\n    "状态": "预约成功",\n    "预约时间": "2021-08-22 06:01:04.580000",\n    "位置": "本部-二楼-二楼B区BF2B081",\n    "时间": "2021-08-23 07:30:00.000000 ==> 2021-08-23 22:00:00.000000"\n}'}}

2021-08-22 22:09:54: 
{'request.data': {'group_id': 594600349, 'auto_escape': False, 'message': '成功设置'}}

2021-08-22 22:30:01: 
{'request.data': {'group_id': 594600349, 'auto_escape': False, 'message': '[CQ:at,qq=all] 要记得今天的打卡呀～'}}

2021-08-23 06:01:07: 
{'request.data': {'group_id': 594600349, 'auto_escape': False, 'message': '{\n    "状态": "预约成功",\n    "预约时间": "2021-08-23 06:01:07.623000",\n    "位置": "本部-二楼-二楼B区BF2B081",\n    "时间": "2021-08-24 07:30:00.000000 ==> 2021-08-24 22:00:00.000000"\n}'}}

2021-08-23 11:04:40: 
{'request.data': {'group_id': 594600349, 'auto_escape': False, 'message': '{\n    "源语言": "zh",\n    "目标语言": "zh",\n    "原语句": "安全播报",\n    "翻译结果": "安全播报"\n}'}}

2021-08-23 11:04:50: 
{'request.data': {'group_id': 594600349, 'auto_escape': False, 'message': '{\n    "源语言": "zh",\n    "目标语言": "en",\n    "原语句": "安全播报",\n    "翻译结果": "Safety broadcast"\n}'}}

2021-08-23 22:30:01: 
{'request.data': {'group_id': 594600349, 'auto_escape': False, 'message': '[CQ:at,qq=all] 要记得今天的打卡呀～'}}

2021-08-24 22:30:01: 
{'request.data': {'group_id': 594600349, 'auto_escape': False, 'message': '[CQ:at,qq=all] 要记得今天的打卡呀～'}}

2021-08-25 22:30:02: 
{'request.data': {'group_id': 594600349, 'auto_escape': False, 'message': '[CQ:at,qq=all] 要记得今天的打卡呀～'}}

2021-08-26 13:19:17: 
{'request.data': {'group_id': 594600349, 'auto_escape': False, 'message': '{\n    "源语言": "zh",\n    "目标语言": "en",\n    "原语句": "分析",\n    "翻译结果": "analysis"\n}'}}

2021-08-26 22:30:01: 
{'request.data': {'group_id': 594600349, 'auto_escape': False, 'message': '[CQ:at,qq=all] 要记得今天的打卡呀～'}}

2021-08-26 22:56:32: 
{'request.data': {'group_id': 594600349, 'auto_escape': False, 'message': '成功设置'}}

2021-08-27 06:01:06: 
{'request.data': {'group_id': 594600349, 'auto_escape': False, 'message': '{\n    "状态": "预约成功",\n    "预约时间": "2021-08-27 06:01:07.817000",\n    "位置": "本部-二楼-二楼B区BF2B081",\n    "时间": "2021-08-28 07:30:00.000000 ==> 2021-08-28 22:00:00.000000"\n}'}}

2021-08-27 22:30:01: 
{'request.data': {'group_id': 594600349, 'auto_escape': False, 'message': '[CQ:at,qq=all] 要记得今天的打卡呀～'}}

2021-08-28 00:26:24: 
{'request.data': {'group_id': 594600349, 'auto_escape': False, 'message': '成功设置'}}

2021-08-28 06:01:05: 
{'request.data': {'group_id': 594600349, 'auto_escape': False, 'message': '{\n    "状态": "预约成功",\n    "预约时间": "2021-08-28 06:01:07.663000",\n    "位置": "本部-二楼-二楼B区BF2B081",\n    "时间": "2021-08-29 07:30:00.000000 ==> 2021-08-29 22:00:00.000000"\n}'}}

2021-08-28 22:30:01: 
{'request.data': {'group_id': 594600349, 'auto_escape': False, 'message': '[CQ:at,qq=all] 要记得今天的打卡呀～'}}

